C:\USERS\JOY\DESKTOP\工程设计与管理\技术材料\程序\上位机（VS）\OPENCV PROJECT\PROJECT1（火焰识别）\DEBUG\PROJECT1（火焰识别）.EXE
C:\USERS\JOY\DESKTOP\工程设计与管理\技术材料\程序\上位机（VS）\OPENCV PROJECT\PROJECT1（火焰识别）\DEBUG\PROJECT1（火焰识别）.ILK
C:\USERS\JOY\DESKTOP\工程设计与管理\技术材料\程序\上位机（VS）\OPENCV PROJECT\PROJECT1（火焰识别）\DEBUG\PROJECT1（火焰识别）.PDB
C:\Users\joy\Desktop\工程设计与管理\技术材料\程序\上位机（VS）\Opencv Project\Project1（火焰识别）\Project1（火焰识别）\Debug\cl.command.1.tlog
C:\Users\joy\Desktop\工程设计与管理\技术材料\程序\上位机（VS）\Opencv Project\Project1（火焰识别）\Project1（火焰识别）\Debug\CL.read.1.tlog
C:\Users\joy\Desktop\工程设计与管理\技术材料\程序\上位机（VS）\Opencv Project\Project1（火焰识别）\Project1（火焰识别）\Debug\CL.write.1.tlog
C:\Users\joy\Desktop\工程设计与管理\技术材料\程序\上位机（VS）\Opencv Project\Project1（火焰识别）\Project1（火焰识别）\Debug\link.1776.read.1.tlog
C:\Users\joy\Desktop\工程设计与管理\技术材料\程序\上位机（VS）\Opencv Project\Project1（火焰识别）\Project1（火焰识别）\Debug\link.1776.write.1.tlog
C:\Users\joy\Desktop\工程设计与管理\技术材料\程序\上位机（VS）\Opencv Project\Project1（火焰识别）\Project1（火焰识别）\Debug\link.1776-cvtres.read.1.tlog
C:\Users\joy\Desktop\工程设计与管理\技术材料\程序\上位机（VS）\Opencv Project\Project1（火焰识别）\Project1（火焰识别）\Debug\link.1776-cvtres.write.1.tlog
C:\Users\joy\Desktop\工程设计与管理\技术材料\程序\上位机（VS）\Opencv Project\Project1（火焰识别）\Project1（火焰识别）\Debug\link.command.1.tlog
C:\Users\joy\Desktop\工程设计与管理\技术材料\程序\上位机（VS）\Opencv Project\Project1（火焰识别）\Project1（火焰识别）\Debug\link.read.1.tlog
C:\Users\joy\Desktop\工程设计与管理\技术材料\程序\上位机（VS）\Opencv Project\Project1（火焰识别）\Project1（火焰识别）\Debug\link.write.1.tlog
C:\Users\joy\Desktop\工程设计与管理\技术材料\程序\上位机（VS）\Opencv Project\Project1（火焰识别）\Project1（火焰识别）\Debug\link-cvtres.read.1.tlog
C:\Users\joy\Desktop\工程设计与管理\技术材料\程序\上位机（VS）\Opencv Project\Project1（火焰识别）\Project1（火焰识别）\Debug\link-cvtres.write.1.tlog
C:\USERS\JOY\DESKTOP\工程设计与管理\技术材料\程序\上位机（VS）\OPENCV PROJECT\PROJECT1（火焰识别）\PROJECT1（火焰识别）\DEBUG\MAIN.OBJ
C:\Users\joy\Desktop\工程设计与管理\技术材料\程序\上位机（VS）\Opencv Project\Project1（火焰识别）\Project1（火焰识别）\Debug\mt.command.1.tlog
C:\Users\joy\Desktop\工程设计与管理\技术材料\程序\上位机（VS）\Opencv Project\Project1（火焰识别）\Project1（火焰识别）\Debug\mt.read.1.tlog
C:\Users\joy\Desktop\工程设计与管理\技术材料\程序\上位机（VS）\Opencv Project\Project1（火焰识别）\Project1（火焰识别）\Debug\mt.write.1.tlog
C:\USERS\JOY\DESKTOP\工程设计与管理\技术材料\程序\上位机（VS）\OPENCV PROJECT\PROJECT1（火焰识别）\PROJECT1（火焰识别）\DEBUG\PROJECT1（火焰识别）.EXE.EMBED.MANIFEST
C:\USERS\JOY\DESKTOP\工程设计与管理\技术材料\程序\上位机（VS）\OPENCV PROJECT\PROJECT1（火焰识别）\PROJECT1（火焰识别）\DEBUG\PROJECT1（火焰识别）.EXE.EMBED.MANIFEST.RES
C:\USERS\JOY\DESKTOP\工程设计与管理\技术材料\程序\上位机（VS）\OPENCV PROJECT\PROJECT1（火焰识别）\PROJECT1（火焰识别）\DEBUG\PROJECT1（火焰识别）.EXE.INTERMEDIATE.MANIFEST
C:\Users\joy\Desktop\工程设计与管理\技术材料\程序\上位机（VS）\Opencv Project\Project1（火焰识别）\Project1（火焰识别）\Debug\Project1（火焰识别）.vcxprojResolveAssemblyReference.cache
C:\Users\joy\Desktop\工程设计与管理\技术材料\程序\上位机（VS）\Opencv Project\Project1（火焰识别）\Project1（火焰识别）\Debug\Project1（火焰识别）.write.1.tlog
C:\Users\joy\Desktop\工程设计与管理\技术材料\程序\上位机（VS）\Opencv Project\Project1（火焰识别）\Project1（火焰识别）\Debug\Project1（火焰识别）_manifest.rc
C:\Users\joy\Desktop\工程设计与管理\技术材料\程序\上位机（VS）\Opencv Project\Project1（火焰识别）\Project1（火焰识别）\Debug\rc.command.1.tlog
C:\Users\joy\Desktop\工程设计与管理\技术材料\程序\上位机（VS）\Opencv Project\Project1（火焰识别）\Project1（火焰识别）\Debug\rc.read.1.tlog
C:\Users\joy\Desktop\工程设计与管理\技术材料\程序\上位机（VS）\Opencv Project\Project1（火焰识别）\Project1（火焰识别）\Debug\rc.write.1.tlog
C:\Users\joy\Desktop\工程设计与管理\技术材料\程序\上位机（VS）\Opencv Project\Project1（火焰识别）\Project1（火焰识别）\Debug\vc100.idb
C:\USERS\JOY\DESKTOP\工程设计与管理\技术材料\程序\上位机（VS）\OPENCV PROJECT\PROJECT1（火焰识别）\PROJECT1（火焰识别）\DEBUG\VC100.PDB
